0000000000000000 0000000000000401 b __fixedpath
0000000000000000 A __start__
0000000000000000 T _start
0000000000000000 b _TLS_MODULE_BASE_
0000000000000080 t startup
00000000000000b0 t bss_loop
0000000000000104 T __nx_exit
0000000000000118 T _init
0000000000000180 00000000000005c8 T main
0000000000000408 0000000000002000 b tmp_buffer.6653
0000000000000748 t deregister_tm_clones
0000000000000778 t register_tm_clones
00000000000007b0 t __do_global_dtors_aux
00000000000007f8 t frame_dummy
0000000000000830 0000000000000034 t ipcCloseObjectById
0000000000000870 0000000000000124 t _appletGetHandle
00000000000009a0 00000000000000e0 t _appletGetOperationMode.constprop.13
0000000000000a80 00000000000000e0 t _appletGetCurrentFocusState.constprop.15
0000000000000b60 00000000000000ec t _appletReceiveMessage
0000000000000c50 00000000000000e0 t _appletGetPerformanceMode.constprop.14
0000000000000d30 00000000000000cc t _appletAcquireForegroundRights
0000000000000e00 00000000000000d4 t _appletSetOperationModeChangedNotification.constprop.16
0000000000000ee0 00000000000000d4 t _appletSetPerformanceModeChangedNotification.constprop.17
0000000000000fc0 00000000000000d0 t _appletSetOutOfFocusSuspendingEnabled
0000000000001090 00000000000000d8 t _appletSetFocusHandlingMode
0000000000001170 00000000000000e0 t _appletGetAppletResourceUserId.constprop.11
0000000000001250 000000000000013c t _appletGetSessionProxy.constprop.10
0000000000001390 000000000000048c T appletExit
0000000000001820 0000000000000028 T appletHook
0000000000001850 0000000000000034 T appletUnhook
0000000000001890 0000000000000028 T appletGetAppletResourceUserId
00000000000018c0 0000000000000120 T appletNotifyRunning
00000000000019e0 00000000000004dc T appletInitialize
0000000000001ec0 00000000000000ec T appletCreateManagedDisplayLayer
0000000000001fb0 000000000000000c T appletGetOperationMode
0000000000001fc0 0000000000000144 T appletMainLoop
0000000000002110 0000000000000034 t ipcCloseObjectById
0000000000002150 0000000000000124 t _hidGetSharedMemoryHandle.constprop.8
0000000000002280 0000000000000134 t _hidCreateAppletResource.constprop.7
00000000000023c0 00000000000001b0 T hidReset
0000000000002408 0000000000002000 b tmp_buffer.6677
0000000000002570 000000000000000c T hidGetSharedmemAddr
0000000000002580 000000000000006c T hidKeysDown
00000000000025f0 000000000000000c T hidTouchCount
0000000000002600 000000000000049c T hidScanInput
0000000000002aa0 0000000000000108 T hidSetNpadJoyAssignmentModeDual
0000000000002bb0 0000000000000120 T hidExit
0000000000002cd0 00000000000000ec T hidInitialize
0000000000002dc0 0000000000000044 T smAddOverrideHandle
0000000000002e10 0000000000000060 T smGetServiceOverride
0000000000002e70 0000000000000014 T smHasInitialized
0000000000002e90 0000000000000048 T smExit
0000000000002ee0 0000000000000038 T smEncodeName
0000000000002f20 000000000000012c T smGetServiceOriginal
0000000000003050 0000000000000158 T smInitialize
00000000000031b0 0000000000000074 T smGetService
0000000000003230 0000000000000034 t ipcCloseObjectById
0000000000003270 0000000000000124 t _apmGetSession.constprop.4
00000000000033a0 00000000000000f0 T apmExit
0000000000003490 000000000000008c T apmInitialize
0000000000003520 00000000000000cc T apmSetPerformanceConfiguration
00000000000035f0 00000000000000c0 T fatalSimple
00000000000036b0 00000000000000c8 t _gfxDequeueBuffer.part.0
0000000000003780 0000000000000038 t _gfxQueueBuffer.part.1
00000000000037c0 00000000000000e8 T gfxConfigureCrop
00000000000038b0 0000000000000014 T gfxConfigureResolution
00000000000038d0 0000000000000060 t _gfxAutoResolutionAppletHook
0000000000003930 000000000000011c T gfxConfigureAutoResolution
0000000000003a50 0000000000000178 T gfxExit
0000000000003bd0 0000000000000054 T _gfxGraphicBufferInit
0000000000003c30 0000000000000080 T gfxWaitForVsync
0000000000003cb0 0000000000000588 T gfxInitDefault
0000000000004240 000000000000005c T gfxSwapBuffers
00000000000042a0 0000000000000068 T gfxGetFramebuffer
0000000000004310 0000000000000144 T gfxFlushBuffers
0000000000004460 000000000000003c t nvmapobjClose
00000000000044a0 000000000000006c t nvmapobjInitialize.part.0
0000000000004510 0000000000000070 t nvmapobjSetup.constprop.2
0000000000004580 0000000000000bd8 T nvgfxInitialize
0000000000005160 0000000000000128 T nvgfxExit
0000000000005290 0000000000000068 T nvgfxEventWait
0000000000005300 000000000000003c T nvgfxGetFramebuffer
0000000000005340 0000000000000024 T nvioctlChannel_SetNvmapFd
0000000000005370 0000000000000030 T nvioctlChannel_AllocObjCtx
00000000000053a0 0000000000000028 T nvioctlChannel_ZCullBind
00000000000053d0 0000000000000028 T nvioctlChannel_SetErrorNotifier
0000000000005400 0000000000000024 T nvioctlChannel_SetPriority
0000000000005430 0000000000000054 T nvioctlChannel_AllocGpfifoEx2
0000000000005490 0000000000000024 T nvioctlChannel_SetUserData
00000000000054c0 0000000000000040 T nvioctlNvhostCtrl_EventWait
0000000000005500 000000000000003c T nvioctlNvhostCtrlGpu_ZCullGetCtxSize
0000000000005540 0000000000000060 T nvioctlNvhostCtrlGpu_ZCullGetInfo
00000000000055a0 000000000000009c T nvioctlNvhostCtrlGpu_GetCharacteristics
0000000000005640 000000000000005c T nvioctlNvhostCtrlGpu_GetTpcMasks
00000000000056a0 000000000000003c T nvioctlNvhostCtrlGpu_GetL2State
00000000000056e0 0000000000000024 T nvioctlNvhostAsGpu_BindChannel
0000000000005710 0000000000000044 T nvioctlNvhostAsGpu_AllocSpace
0000000000005760 0000000000000050 T nvioctlNvhostAsGpu_MapBufferEx
00000000000057b0 0000000000000070 T nvioctlNvhostAsGpu_GetVARegions
0000000000005820 000000000000003c T nvioctlNvhostAsGpu_InitializeEx
0000000000005860 000000000000003c T nvioctlNvmap_Create
00000000000058a0 000000000000003c T nvioctlNvmap_FromId
00000000000058e0 0000000000000030 T nvioctlNvmap_Alloc
0000000000005910 000000000000003c T nvioctlNvmap_GetId
000000000000594c T armDCacheFlush
0000000000005970 t armDCacheFlush_L0
0000000000005988 T svcSetHeapSize
000000000000599c T svcUnmapMemory
00000000000059a4 T svcQueryMemory
00000000000059b8 T svcExitProcess
00000000000059c0 T svcSleepThread
00000000000059c8 T svcMapSharedMemory
00000000000059d0 T svcUnmapSharedMemory
00000000000059d8 T svcCreateTransferMemory
00000000000059ec T svcCloseHandle
00000000000059f4 T svcResetSignal
00000000000059fc T svcWaitSynchronization
0000000000005a10 T svcArbitrateLock
0000000000005a18 T svcArbitrateUnlock
0000000000005a20 T svcGetSystemTick
0000000000005a28 T svcConnectToNamedPort
0000000000005a3c T svcSendSyncRequest
0000000000005a44 T svcBreak
0000000000005a4c T svcGetInfo
0000000000005a60 T svcUnmapTransferMemory
0000000000005a70 00000000000000a0 T __nx_dynamic
0000000000005b10 00000000000000d8 W __libnx_initheap
0000000000005bf0 0000000000000074 W __appInit
0000000000005c70 0000000000000024 W __appExit
0000000000005ca0 0000000000000028 W __libnx_init
0000000000005cd0 0000000000000020 W __libnx_exit
0000000000005cf0 00000000000001b0 T envSetup
0000000000005ea0 0000000000000020 T envGetMainThreadHandle
0000000000005ec0 000000000000000c T envIsNso
0000000000005ed0 0000000000000014 T envHasHeapOverride
0000000000005ef0 000000000000000c T envGetHeapOverrideAddr
0000000000005f00 000000000000000c T envGetHeapOverrideSize
0000000000005f10 0000000000000014 T envHasArgv
0000000000005f30 000000000000000c T envGetArgv
0000000000005f40 000000000000000c T envGetExitFuncPtr
0000000000005f50 0000000000000008 t mutexInit
0000000000005f60 000000000000000c t rmutexInit
0000000000005f70 0000000000000080 T __libnx_gtod
0000000000005ff0 0000000000000034 t __libnx_get_reent
0000000000006030 00000000000000ec T newlibSetup
0000000000006120 0000000000000368 T argvSetup
0000000000006490 0000000000000140 t _CacheValues
00000000000065d0 000000000000001c T kernelAbove200
00000000000065f0 000000000000001c T kernelAbove300
0000000000006610 0000000000000030 T detectDebugger
0000000000006640 0000000000000014 T shmemLoadRemote
0000000000006660 0000000000000084 T shmemMap
00000000000066f0 0000000000000058 T shmemUnmap
0000000000006750 0000000000000044 T shmemClose
00000000000067a0 000000000000004c T rwlockReadLock
00000000000067f0 000000000000004c T rwlockReadUnlock
0000000000006840 0000000000000008 T rwlockWriteLock
0000000000006850 0000000000000008 T rwlockWriteUnlock
0000000000006860 0000000000000094 T mutexLock
0000000000006900 0000000000000024 T mutexUnlock
0000000000006930 000000000000004c T rmutexLock
0000000000006980 000000000000001c T rmutexUnlock
00000000000069a0 000000000000007c t _GetRegionFromInfo.isra.1
0000000000006a20 00000000000000e4 T virtmemSetup
0000000000006b10 000000000000013c T virtmemReserve
0000000000006c50 0000000000000004 T virtmemFree
0000000000006c60 0000000000000010 t fsdev_link
0000000000006c70 0000000000000010 t fsdev_dirreset
0000000000006c80 0000000000000010 t fsdev_chmod
0000000000006c90 000000000000001c t error_cmp
0000000000006cb0 0000000000000058 t fsdev_translate_error
0000000000006d10 0000000000000040 t fsdev_fsync
0000000000006d50 0000000000000060 t fsdev_ftruncate
0000000000006db0 0000000000000020 t fsdev_dirclose
0000000000006dd0 000000000000016c t fsdev_dirnext
0000000000006f40 000000000000001c t fsdev_close
0000000000006f60 0000000000000080 t fsdev_fstat
0000000000006fe0 00000000000000b0 t fsdev_seek
0000000000007090 0000000000000198 t fsdev_read
0000000000007230 00000000000001a0 t fsdev_write
00000000000073d0 0000000000000118 t fsdevFindDevice
00000000000074f0 0000000000000168 t _fsdevMountDevice
0000000000007660 00000000000001fc t fsdev_getfspath
0000000000007860 0000000000000070 t fsdev_rmdir
00000000000078d0 00000000000000d4 t fsdev_statvfs
00000000000079b0 00000000000000ec t fsdev_diropen
0000000000007aa0 0000000000000070 t fsdev_mkdir
0000000000007b10 0000000000000114 t fsdev_rename
0000000000007c30 00000000000000c4 t fsdev_chdir
0000000000007d00 0000000000000070 t fsdev_unlink
0000000000007d70 0000000000000168 t fsdev_stat
0000000000007ee0 0000000000000180 t fsdev_open
0000000000008060 00000000000000b8 t _fsdevUnmountDeviceStruct.part.4
0000000000008120 0000000000000010 t fsdev_fchmod
0000000000008130 0000000000000158 T fsdevMountSdmc
0000000000008290 0000000000000064 T fsdevUnmountAll
0000000000008300 0000000000000034 t ipcCloseObjectById
0000000000008340 000000000000012c t _timeGetSession
0000000000008470 00000000000001ec T timeExit
0000000000008660 00000000000000d8 T timeInitialize
0000000000008740 0000000000000124 T timeGetCurrentTime
0000000000008870 0000000000000034 t ipcCloseObjectById
00000000000088b0 0000000000000130 t _viCreatestray_layer.isra.4
00000000000089e0 0000000000000134 t _viGetSession.constprop.6
0000000000008b20 0000000000000140 t _viOpenLayer
0000000000008c60 00000000000001d8 T viExit
0000000000008e40 000000000000026c T viInitialize
00000000000090b0 000000000000000c T viGetSession_IHOSBinderDriverRelay
00000000000090c0 0000000000000140 T viOpenDisplay
0000000000009200 00000000000000f0 T viCloseDisplay
00000000000092f0 00000000000000d0 T viOpenLayer
00000000000093c0 0000000000000100 T viCloseLayer
00000000000094c0 00000000000000e8 T viSetLayerScalingMode
00000000000095b0 000000000000012c T viGetDisplayVsyncEvent
00000000000096e0 0000000000000034 t ipcCloseObjectById
0000000000009720 00000000000000c8 t ipcQueryPointerBufferSize.constprop.6
00000000000097f0 00000000000000d8 t _nvSetClientPID
00000000000098d0 00000000000000f0 t _nvInitialize.constprop.5
00000000000099c0 00000000000000a8 T nvExit
0000000000009a70 00000000000001a4 T nvInitialize
0000000000009c20 000000000000012c T nvConvertError
0000000000009d50 000000000000012c T nvOpen
0000000000009e80 0000000000000218 T nvIoctl
000000000000a0a0 00000000000000dc T nvClose
000000000000a180 000000000000013c T nvQueryEvent
000000000000a2c0 0000000000000034 t ipcCloseObjectById
000000000000a300 0000000000000124 T fsInitialize
000000000000a430 000000000000009c T fsExit
000000000000a4d0 0000000000000134 T fsMountSdcard
000000000000a610 00000000000000f4 T fsFsCreateFile
000000000000a710 00000000000000f0 T fsFsDeleteFile
000000000000a800 00000000000000f0 T fsFsCreateDirectory
000000000000a8f0 00000000000000f0 T fsFsDeleteDirectory
000000000000a9e0 000000000000011c T fsFsRenameFile
000000000000ab00 000000000000011c T fsFsRenameDirectory
000000000000ac20 0000000000000104 T fsFsGetEntryType
000000000000ad30 0000000000000154 T fsFsOpenFile
000000000000ae90 000000000000014c T fsFsOpenDirectory
000000000000afe0 0000000000000104 T fsFsGetFreeSpace
000000000000b0f0 0000000000000104 T fsFsGetTotalSpace
000000000000b200 000000000000006c T fsFsClose
000000000000b270 0000000000000108 T fsFileRead
000000000000b380 00000000000000f8 T fsFileWrite
000000000000b480 00000000000000c8 T fsFileFlush
000000000000b550 00000000000000c8 T fsFileSetSize
000000000000b620 00000000000000ec T fsFileGetSize
000000000000b710 000000000000006c T fsFileClose
000000000000b780 000000000000006c T fsDirClose
000000000000b7f0 0000000000000110 T fsDirRead
000000000000b900 0000000000000010 T bufferProducerInitialize
000000000000b910 000000000000000c T bufferProducerExit
000000000000b920 000000000000011c T bufferProducerRequestBuffer
000000000000ba40 0000000000000198 T bufferProducerDequeueBuffer
000000000000bbe0 0000000000000094 T bufferProducerDetachBuffer
000000000000bc80 0000000000000108 T bufferProducerQueueBuffer
000000000000bd90 00000000000000dc T bufferProducerQuery
000000000000be70 0000000000000110 T bufferProducerConnect
000000000000bf80 0000000000000094 T bufferProducerDisconnect
000000000000c020 0000000000000100 T bufferProducerGraphicBufferInit
000000000000c120 0000000000000248 t _binderTransactParcelAuto
000000000000c370 00000000000000c8 t ipcQueryPointerBufferSize
000000000000c440 0000000000000138 t _binderTransactParcel
000000000000c580 0000000000000018 T binderCreateSession
000000000000c5a0 0000000000000010 T binderTransactParcel
000000000000c5b0 00000000000000e4 T binderAdjustRefcount
000000000000c6a0 0000000000000068 T binderExitSession
000000000000c710 000000000000013c T binderGetNativeHandle
000000000000c850 0000000000000120 T binderInitSession
000000000000c970 0000000000000028 T parcelInitialize
000000000000c9a0 0000000000000190 T parcelTransact
000000000000cb30 0000000000000088 T parcelWriteData
000000000000cbc0 0000000000000098 T parcelReadData
000000000000cc60 0000000000000020 T parcelWriteInt32
000000000000cc80 0000000000000020 T parcelWriteUInt32
000000000000cca0 0000000000000080 T parcelWriteString16
000000000000cd20 0000000000000030 T parcelWriteInterfaceToken
000000000000cd50 0000000000000024 T parcelReadInt32
000000000000cd80 0000000000000068 T parcelReadFlattenedObject
000000000000cdf0 0000000000000044 T parcelWriteFlattenedObject
000000000000ce40 000000000000012c T decode_utf8
000000000000cf6c T __aarch64_read_tp
000000000000cf80 00000000000000c4 T nxlinkSetup
000000000000d050 000000000000007c T tmemCreate
000000000000d0d0 0000000000000058 T tmemUnmap
000000000000d130 0000000000000068 T tmemClose
000000000000d198 00000000000000b8 T bsearch
000000000000d250 0000000000000044 T __libc_fini_array
000000000000d298 000000000000008c T __libc_init_array
000000000000d328 0000000000000008 T __locale_ctype_ptr_l
000000000000d330 000000000000002c T __locale_ctype_ptr
000000000000d360 0000000000000030 T memalign
000000000000d390 0000000000000198 T _memalign_r
000000000000d528 000000000000001c T free
000000000000d548 0000000000000844 T _malloc_r
000000000000dd90 00000000000002c8 T __utf8_mbtowc
000000000000e080 000000000000016c T memcpy
000000000000e200 00000000000001d8 T memset
000000000000e3d8 000000000000000c T __malloc_lock
000000000000e3e8 000000000000000c T __malloc_unlock
000000000000e3f4 00000000000000dc T strchr
000000000000e500 00000000000000a4 T strcmp
000000000000e5c0 0000000000000140 T strlen
000000000000e700 0000000000000084 T strncat
000000000000e7dc 0000000000000108 T strncmp
000000000000e8e8 00000000000000a8 T strncpy
000000000000e9e4 00000000000000e0 T strnlen
000000000000eaa0 00000000000001e0 t _strtoul_l.isra.0
000000000000ec80 000000000000005c T strtoul
000000000000ece0 00000000000000e4 T __utf8_wctomb
000000000000edc8 0000000000000118 T _malloc_trim_r
000000000000eee0 00000000000002f4 T _free_r
000000000000f1d8 0000000000000008 t null_write
000000000000f1e0 0000000000000018 T setDefaultDevice
000000000000f1f8 00000000000000f8 T FindDevice
000000000000f2f0 0000000000000034 T RemoveDevice
000000000000f328 00000000000000d8 T AddDevice
000000000000f400 0000000000000078 T _sbrk_r
000000000000f478 0000000000000224 T _concatenate_path
000000000000f6a0 0000000000000178 T chdir
000000000000f818 0000000000000018 T __libc_lock_acquire_recursive
000000000000f830 0000000000000018 T __libc_lock_release_recursive
000000000000f848 0000000000000024 T __getreent
000000000000f86c 0000000000000100 T strrchr
000000000000f970 T _fini
0000000000010000 0000000000000014 r CSWTCH.39
00000000000100d8 0000000000000018 r error_table
00000000000101b8 0000000000000101 R _ctype_
00000000000102c8 0000000000000003 R DIRECTORY_PARENT
00000000000102d0 r __EH_FRAME_BEGIN__
000000000001048c r __FRAME_END__
0000000000010490 a _DYNAMIC
0000000000013000 t __frame_dummy_init_array_entry
0000000000013000 T __init_array_start
0000000000013000 B __preinit_array_end
0000000000013000 B __preinit_array_start
0000000000013000 D __tdata_lma
0000000000013000 D __tdata_lma_end
0000000000013008 t __do_global_dtors_aux_fini_array_entry
0000000000013008 T __fini_array_start
0000000000013008 T __init_array_end
0000000000013010 T __fini_array_end
0000000000013010 T __got_start__
0000000000013010 a _GLOBAL_OFFSET_TABLE_
00000000000131f0 D __got_end__
00000000000131f0 0000000000000001 V __nx_applet_auto_notifyrunning
00000000000131f4 0000000000000004 V __nx_applet_type
00000000000131f8 0000000000000004 d g_gfxMode
0000000000013200 0000000000000054 d g_gfxQueueBufferData
0000000000013258 000000000000016c d g_gfx_BufferInitData
00000000000133c4 0000000000000001 D g_gfx_drawflip
00000000000133c8 0000000000000004 V __nx_time_type
00000000000133d0 0000000000000401 d __cwd
00000000000137d4 0000000000000004 d fsdev_fsdevice_cwd
00000000000137d8 0000000000000004 d fsdev_fsdevice_default
00000000000137e0 00000000000000d0 d fsdev_devoptab
00000000000138b0 0000000000000004 d g_viServiceType
00000000000138b4 0000000000000004 d g_nvServiceType
00000000000138b8 0000000000000023 d g_bufferProducer_InterfaceDescriptor
00000000000138e0 0000000000000008 D _impure_ptr
00000000000138e8 0000000000000768 d impure_data
0000000000014050 00000000000001a8 D __global_locale
00000000000141f8 0000000000000008 D __malloc_sbrk_base
0000000000014200 0000000000000008 D __malloc_trim_threshold
0000000000014208 0000000000000810 D __malloc_av_
0000000000014a18 0000000000000004 d defaultDevice
0000000000014a20 0000000000000080 D devoptab_list
0000000000014aa0 00000000000000e0 D dotab_stdnull
0000000000014b80 0000000000000400 d _current_working_directory
0000000000014f80 D __bss_start__
0000000000014f80 D __TMC_END__
0000000000014f80 b completed.7822
0000000000014f88 b object.7827
0000000000014fb8 0000000000000008 V __nx_applet_PerformanceConfiguration
0000000000014fc0 0000000000000018 b g_appletFirstHook
0000000000014fd8 0000000000000001 b g_appletFocusState
0000000000014fe0 000000000000000c b g_appletIAudioController
0000000000014ff0 000000000000000c b g_appletICommonStateGetter
0000000000015000 000000000000000c b g_appletIDebugFunctions
0000000000015010 000000000000000c b g_appletIDisplayController
0000000000015020 000000000000000c b g_appletIFunctions
0000000000015030 000000000000000c b g_appletILibraryAppletCreator
0000000000015040 000000000000000c b g_appletILibraryAppletSelfAccessor
0000000000015050 000000000000000c b g_appletIProcessWindingController
0000000000015060 000000000000000c b g_appletISelfController
0000000000015070 000000000000000c b g_appletIWindowController
000000000001507c 0000000000000004 b g_appletMessageEventHandle
0000000000015080 0000000000000001 b g_appletNotifiedRunning
0000000000015081 0000000000000001 b g_appletOperationMode
0000000000015084 0000000000000004 b g_appletPerformanceMode
0000000000015088 000000000000000c b g_appletProxySession
0000000000015098 0000000000000008 b g_appletResourceUserId
00000000000150a0 000000000000000c b g_appletSrv
00000000000150b0 0000000000000008 b g_refCnt
00000000000150b8 0000000000000050 b g_controllerDown
0000000000015108 00000000000001e0 b g_controllerEntries
00000000000152e8 0000000000000190 b g_controllerHeaders
0000000000015478 0000000000000050 b g_controllerHeld
00000000000154c8 0000000000000028 b g_controllerLayout
00000000000154f0 0000000000000050 b g_controllerOld
0000000000015540 0000000000000004 b g_controllerP1AutoID
0000000000015548 0000000000000050 b g_controllerTimestamps
0000000000015598 0000000000000050 b g_controllerUp
00000000000155e8 000000000000000c b g_hidIAppletResource
00000000000155f8 0000000000000020 b g_hidLock
0000000000015618 0000000000000020 b g_hidSharedmem
0000000000015638 000000000000000c b g_hidSrv
0000000000015648 0000000000000020 b g_keyboardDown
0000000000015668 0000000000000038 b g_keyboardEntry
00000000000156a0 0000000000000020 b g_keyboardHeld
00000000000156c0 0000000000000008 b g_keyboardModDown
00000000000156c8 0000000000000008 b g_keyboardModHeld
00000000000156d0 0000000000000008 b g_keyboardModOld
00000000000156d8 0000000000000008 b g_keyboardModUp
00000000000156e0 0000000000000020 b g_keyboardOld
0000000000015700 0000000000000008 b g_keyboardTimestamp
0000000000015708 0000000000000020 b g_keyboardUp
0000000000015728 0000000000000008 b g_mouseDown
0000000000015730 0000000000000030 b g_mouseEntry
0000000000015760 0000000000000008 b g_mouseHeld
0000000000015768 0000000000000008 b g_mouseOld
0000000000015770 0000000000000008 b g_mouseTimestamp
0000000000015778 0000000000000008 b g_mouseUp
0000000000015780 0000000000000008 b g_refCnt
0000000000015788 0000000000000298 b g_touchEntry
0000000000015a20 0000000000000008 b g_touchTimestamp
0000000000015a28 0000000000000008 b g_refCnt
0000000000015a30 0000000000000004 b g_smHandle
0000000000015a38 0000000000000200 b g_smOverrides
0000000000015c38 0000000000000008 b g_smOverridesNum
0000000000015c40 000000000000000c b g_apmISession
0000000000015c50 000000000000000c b g_apmSrv
0000000000015c60 0000000000000008 b g_refCnt
0000000000015c68 0000000000000020 b g_gfxBinderSession
0000000000015c88 0000000000000004 b g_gfxCurrentBuffer
0000000000015c8c 0000000000000004 b g_gfxCurrentProducerBuffer
0000000000015c90 0000000000000050 b g_gfxDisplay
0000000000015ce0 0000000000000004 b g_gfxDisplayVsyncEvent
0000000000015ce8 0000000000000008 b g_gfxFramebuf
0000000000015cf0 0000000000000008 b g_gfxFramebufLinear
0000000000015cf8 0000000000000008 b g_gfxFramebufSize
0000000000015d00 0000000000000001 b g_gfxInitialized
0000000000015d08 0000000000000010 b g_gfxLayer
0000000000015d18 0000000000000100 b g_gfxNativeWindow
0000000000015e18 0000000000000004 b g_gfxNativeWindow_ID
0000000000015e20 0000000000000008 b g_gfxNativeWindow_Size
0000000000015e28 0000000000000010 b g_gfx_Connect_QueueBufferOutput
0000000000015e38 0000000000000024 b g_gfx_DequeueBuffer_fence
0000000000015e5c 0000000000000001 b g_gfx_ProducerConnected
0000000000015e60 0000000000000002 b g_gfx_ProducerSlotsRequested
0000000000015e68 0000000000000010 b g_gfx_QueueBuffer_QueueBufferOutput
0000000000015e78 0000000000000018 b g_gfx_autoresolution_applethookcookie
0000000000015e90 0000000000000004 b g_gfx_autoresolution_docked_height
0000000000015e94 0000000000000004 b g_gfx_autoresolution_docked_width
0000000000015e98 0000000000000001 b g_gfx_autoresolution_enabled
0000000000015e9c 0000000000000004 b g_gfx_autoresolution_handheld_height
0000000000015ea0 0000000000000004 b g_gfx_autoresolution_handheld_width
0000000000015ea8 0000000000000008 B g_gfx_framebuf_aligned_height
0000000000015eb0 0000000000000008 B g_gfx_framebuf_aligned_width
0000000000015eb8 0000000000000008 B g_gfx_framebuf_display_height
0000000000015ec0 0000000000000008 B g_gfx_framebuf_display_width
0000000000015ec8 0000000000000008 B g_gfx_framebuf_height
0000000000015ed0 0000000000000008 B g_gfx_framebuf_width
0000000000015ed8 0000000000000008 B g_gfx_singleframebuf_linear_size
0000000000015ee0 0000000000000008 B g_gfx_singleframebuf_size
0000000000015ee8 0000000000000001 b g_nvgfxInitialized
0000000000015eec 0000000000000004 b g_nvgfx_fd_nvhostasgpu
0000000000015ef0 0000000000000004 b g_nvgfx_fd_nvhostctrl
0000000000015ef4 0000000000000004 b g_nvgfx_fd_nvhostctrlgpu
0000000000015ef8 0000000000000004 b g_nvgfx_fd_nvhostgpu
0000000000015efc 0000000000000004 b g_nvgfx_fd_nvmap
0000000000015f00 0000000000000008 b g_nvgfx_gpfifo_pos
0000000000015f08 00000000000000a0 b g_nvgfx_gpu_characteristics
0000000000015fa8 0000000000000008 b g_nvgfx_l2state
0000000000015fb0 0000000000000008 b g_nvgfx_nvhost_fence
0000000000015fb8 0000000000000008 b g_nvgfx_nvhost_userdata
0000000000015fc0 0000000000000008 b g_nvgfx_nvhost_userdata_size
0000000000015fc8 0000000000000008 b g_nvgfx_nvhostasgpu_allocspace_offset
0000000000015fd0 0000000000000030 b g_nvgfx_nvhostasgpu_varegions
0000000000016000 0000000000000004 b g_nvgfx_nvhostctrl_eventhandle
0000000000016004 0000000000000004 b g_nvgfx_nvhostctrl_eventres
0000000000016008 0000000000000004 b g_nvgfx_nvhostctrlgpu_event2
000000000001600c 0000000000000004 b g_nvgfx_nvhostgpu_event3
0000000000016010 0000000000000004 B g_nvgfx_totalframebufs
0000000000016018 0000000000000018 b g_nvgfx_tpcmasks
0000000000016030 0000000000000004 b g_nvgfx_zcullctxsize
0000000000016038 0000000000000028 b g_nvgfx_zcullinfo
0000000000016060 0000000000000008 b nvmap_obj3_mapbuffer_x0_offset
0000000000016068 0000000000000008 b nvmap_obj4_mapbuffer_x0_offset
0000000000016070 0000000000000008 b nvmap_obj6_mapbuffer_xdb_offset
0000000000016078 00000000000001b0 b nvmap_objs
0000000000016228 0000000000000008 V __nx_heap_size
0000000000016230 0000000000000001 b g_isNso
0000000000016234 0000000000000004 b g_lastLoadResult
0000000000016238 0000000000000008 b g_loaderRetAddr
0000000000016240 0000000000000004 b g_mainThreadHandle
0000000000016248 0000000000000008 b g_nextLoadArgv
0000000000016250 0000000000000008 b g_nextLoadPath
0000000000016258 0000000000000008 b g_overrideArgv
0000000000016260 0000000000000008 b g_overrideHeapAddr
0000000000016268 0000000000000008 b g_overrideHeapSize
0000000000016270 0000000000000004 b g_processHandle
0000000000016278 0000000000000010 b g_syscallHints
0000000000016288 0000000000000008 b g_argv_empty
0000000000016290 0000000000000001 b g_HasCached
0000000000016291 0000000000000001 b g_IsAbove200
0000000000016292 0000000000000001 b g_IsAbove300
0000000000016293 0000000000000001 b g_IsAbove400
0000000000016294 0000000000000001 b g_IsAbove500
0000000000016298 0000000000000004 b g_Mutex
00000000000162a0 0000000000000010 b g_AddressSpace
00000000000162b0 0000000000000008 b g_CurrentAddr
00000000000162b8 0000000000000030 b g_Region
00000000000162e8 0000000000000004 b g_VirtMemMutex
00000000000162f0 0000000000002100 b fsdev_fsdevices
00000000000183f0 0000000000000001 b fsdev_initialised
00000000000183f8 0000000000000008 b g_refCnt
0000000000018400 000000000000000c b g_timeLocalSystemClock
0000000000018410 000000000000000c b g_timeNetworkSystemClock
0000000000018420 000000000000000c b g_timeSrv
0000000000018430 000000000000000c b g_timeTimeZoneService
0000000000018440 000000000000000c b g_timeUserSystemClock
0000000000018450 000000000000000c b g_viIApplicationDisplayService
0000000000018460 000000000000000c b g_viIHOSBinderDriverIndirect
0000000000018470 000000000000000c b g_viIHOSBinderDriverRelay
0000000000018480 000000000000000c b g_viIManagerDisplayService
0000000000018490 000000000000000c b g_viISystemDisplayService
00000000000184a0 000000000000000c b g_viSrv
00000000000184b0 0000000000000008 b g_nvIpcBufferSize
00000000000184b8 000000000000000c b g_nvSrv
00000000000184c8 0000000000000028 b g_nvTransfermem
00000000000184f0 000000000000000c b g_fsSrv
0000000000018500 0000000000000008 b g_refCnt
0000000000018508 0000000000000008 b g_bufferProducerBinderSession
0000000000018510 0000000000000028 B __malloc_current_mallinfo
0000000000018538 0000000000000008 B __malloc_max_sbrked_mem
0000000000018540 0000000000000008 B __malloc_max_total_mem
0000000000018548 0000000000000008 B __malloc_top_pad
0000000000018550 000000000000000c b __malloc_recursive_mutex
0000000000018560 0000000000000008 b heap_start.5228
0000000000018568 0000000000000008 B fake_heap_end
0000000000018570 0000000000000008 B fake_heap_start
0000000000018578 0000000000000400 b temp_cwd
0000000000018978 0000000000000090 B __syscalls
0000000000018a08 0000000000000008 B g_nvgfx_nvhostgpu_gpfifo_fence
0000000000018a10 0000000000000008 B __stack_top
0000000000018a18 0000000000000008 B __system_argv
0000000000018a20 0000000000000004 B __system_argc
0000000000018a28 0000000000000004 B __nxlink_host
0000000000018a30 B __tls_start
000000000001ce38 B __bss_end__
000000000001ce38 A __end__
000000000001ce38 B __tls_end
000000000001d000 A __argdata__
