0000000000000000 0000000000000401 b __fixedpath
0000000000000000 A __start__
0000000000000000 T _start
0000000000000000 b _TLS_MODULE_BASE_
0000000000000080 t startup
00000000000000b0 t bss_loop
0000000000000104 T __nx_exit
0000000000000118 T _init
0000000000000180 0000000000000610 T main
0000000000000408 0000000000002000 b tmp_buffer.6653
0000000000000790 t deregister_tm_clones
00000000000007c0 t register_tm_clones
00000000000007f8 t __do_global_dtors_aux
0000000000000840 t frame_dummy
0000000000000880 0000000000000034 t ipcCloseObjectById
00000000000008c0 0000000000000124 t _appletGetHandle
00000000000009f0 00000000000000e0 t _appletGetOperationMode.constprop.13
0000000000000ad0 00000000000000e0 t _appletGetCurrentFocusState.constprop.15
0000000000000bb0 00000000000000ec t _appletReceiveMessage
0000000000000ca0 00000000000000e0 t _appletGetPerformanceMode.constprop.14
0000000000000d80 00000000000000cc t _appletAcquireForegroundRights
0000000000000e50 00000000000000d4 t _appletSetOperationModeChangedNotification.constprop.16
0000000000000f30 00000000000000d4 t _appletSetPerformanceModeChangedNotification.constprop.17
0000000000001010 00000000000000d0 t _appletSetOutOfFocusSuspendingEnabled
00000000000010e0 00000000000000d8 t _appletSetFocusHandlingMode
00000000000011c0 00000000000000e0 t _appletGetAppletResourceUserId.constprop.11
00000000000012a0 000000000000013c t _appletGetSessionProxy.constprop.10
00000000000013e0 000000000000048c T appletExit
0000000000001870 0000000000000028 T appletHook
00000000000018a0 0000000000000034 T appletUnhook
00000000000018e0 0000000000000028 T appletGetAppletResourceUserId
0000000000001910 0000000000000120 T appletNotifyRunning
0000000000001a30 00000000000004dc T appletInitialize
0000000000001f10 00000000000000ec T appletCreateManagedDisplayLayer
0000000000002000 000000000000000c T appletGetOperationMode
0000000000002010 0000000000000144 T appletMainLoop
0000000000002160 0000000000000034 t ipcCloseObjectById
00000000000021a0 0000000000000124 t _hidGetSharedMemoryHandle.constprop.8
00000000000022d0 0000000000000134 t _hidCreateAppletResource.constprop.7
0000000000002408 0000000000002000 b tmp_buffer.6677
0000000000002410 00000000000001b0 T hidReset
00000000000025c0 000000000000000c T hidGetSharedmemAddr
00000000000025d0 000000000000006c T hidKeysDown
0000000000002640 000000000000000c T hidTouchCount
0000000000002650 000000000000049c T hidScanInput
0000000000002af0 0000000000000108 T hidSetNpadJoyAssignmentModeDual
0000000000002c00 0000000000000120 T hidExit
0000000000002d20 00000000000000ec T hidInitialize
0000000000002e10 0000000000000044 T smAddOverrideHandle
0000000000002e60 0000000000000060 T smGetServiceOverride
0000000000002ec0 0000000000000014 T smHasInitialized
0000000000002ee0 0000000000000048 T smExit
0000000000002f30 0000000000000038 T smEncodeName
0000000000002f70 000000000000012c T smGetServiceOriginal
00000000000030a0 0000000000000158 T smInitialize
0000000000003200 0000000000000074 T smGetService
0000000000003280 0000000000000034 t ipcCloseObjectById
00000000000032c0 0000000000000124 t _apmGetSession.constprop.4
00000000000033f0 00000000000000f0 T apmExit
00000000000034e0 000000000000008c T apmInitialize
0000000000003570 00000000000000cc T apmSetPerformanceConfiguration
0000000000003640 00000000000000c0 T fatalSimple
0000000000003700 00000000000000c8 t _gfxDequeueBuffer.part.0
00000000000037d0 0000000000000038 t _gfxQueueBuffer.part.1
0000000000003810 00000000000000e8 T gfxConfigureCrop
0000000000003900 0000000000000014 T gfxConfigureResolution
0000000000003920 0000000000000060 t _gfxAutoResolutionAppletHook
0000000000003980 000000000000011c T gfxConfigureAutoResolution
0000000000003aa0 0000000000000178 T gfxExit
0000000000003c20 0000000000000054 T _gfxGraphicBufferInit
0000000000003c80 0000000000000080 T gfxWaitForVsync
0000000000003d00 0000000000000588 T gfxInitDefault
0000000000004290 000000000000005c T gfxSwapBuffers
00000000000042f0 0000000000000068 T gfxGetFramebuffer
0000000000004360 0000000000000144 T gfxFlushBuffers
00000000000044b0 000000000000003c t nvmapobjClose
00000000000044f0 000000000000006c t nvmapobjInitialize.part.0
0000000000004560 0000000000000070 t nvmapobjSetup.constprop.2
00000000000045d0 0000000000000bd8 T nvgfxInitialize
00000000000051b0 0000000000000128 T nvgfxExit
00000000000052e0 0000000000000068 T nvgfxEventWait
0000000000005350 000000000000003c T nvgfxGetFramebuffer
0000000000005390 0000000000000024 T nvioctlChannel_SetNvmapFd
00000000000053c0 0000000000000030 T nvioctlChannel_AllocObjCtx
00000000000053f0 0000000000000028 T nvioctlChannel_ZCullBind
0000000000005420 0000000000000028 T nvioctlChannel_SetErrorNotifier
0000000000005450 0000000000000024 T nvioctlChannel_SetPriority
0000000000005480 0000000000000054 T nvioctlChannel_AllocGpfifoEx2
00000000000054e0 0000000000000024 T nvioctlChannel_SetUserData
0000000000005510 0000000000000040 T nvioctlNvhostCtrl_EventWait
0000000000005550 000000000000003c T nvioctlNvhostCtrlGpu_ZCullGetCtxSize
0000000000005590 0000000000000060 T nvioctlNvhostCtrlGpu_ZCullGetInfo
00000000000055f0 000000000000009c T nvioctlNvhostCtrlGpu_GetCharacteristics
0000000000005690 000000000000005c T nvioctlNvhostCtrlGpu_GetTpcMasks
00000000000056f0 000000000000003c T nvioctlNvhostCtrlGpu_GetL2State
0000000000005730 0000000000000024 T nvioctlNvhostAsGpu_BindChannel
0000000000005760 0000000000000044 T nvioctlNvhostAsGpu_AllocSpace
00000000000057b0 0000000000000050 T nvioctlNvhostAsGpu_MapBufferEx
0000000000005800 0000000000000070 T nvioctlNvhostAsGpu_GetVARegions
0000000000005870 000000000000003c T nvioctlNvhostAsGpu_InitializeEx
00000000000058b0 000000000000003c T nvioctlNvmap_Create
00000000000058f0 000000000000003c T nvioctlNvmap_FromId
0000000000005930 0000000000000030 T nvioctlNvmap_Alloc
0000000000005960 000000000000003c T nvioctlNvmap_GetId
000000000000599c T armDCacheFlush
00000000000059c0 t armDCacheFlush_L0
00000000000059d8 T svcSetHeapSize
00000000000059ec T svcUnmapMemory
00000000000059f4 T svcQueryMemory
0000000000005a08 T svcExitProcess
0000000000005a10 T svcSleepThread
0000000000005a18 T svcMapSharedMemory
0000000000005a20 T svcUnmapSharedMemory
0000000000005a28 T svcCreateTransferMemory
0000000000005a3c T svcCloseHandle
0000000000005a44 T svcResetSignal
0000000000005a4c T svcWaitSynchronization
0000000000005a60 T svcArbitrateLock
0000000000005a68 T svcArbitrateUnlock
0000000000005a70 T svcGetSystemTick
0000000000005a78 T svcConnectToNamedPort
0000000000005a8c T svcSendSyncRequest
0000000000005a94 T svcBreak
0000000000005a9c T svcGetInfo
0000000000005ab0 T svcUnmapTransferMemory
0000000000005ac0 00000000000000a0 T __nx_dynamic
0000000000005b60 00000000000000d8 W __libnx_initheap
0000000000005c40 0000000000000074 W __appInit
0000000000005cc0 0000000000000024 W __appExit
0000000000005cf0 0000000000000028 W __libnx_init
0000000000005d20 0000000000000020 W __libnx_exit
0000000000005d40 00000000000001b0 T envSetup
0000000000005ef0 0000000000000020 T envGetMainThreadHandle
0000000000005f10 000000000000000c T envIsNso
0000000000005f20 0000000000000014 T envHasHeapOverride
0000000000005f40 000000000000000c T envGetHeapOverrideAddr
0000000000005f50 000000000000000c T envGetHeapOverrideSize
0000000000005f60 0000000000000014 T envHasArgv
0000000000005f80 000000000000000c T envGetArgv
0000000000005f90 000000000000000c T envGetExitFuncPtr
0000000000005fa0 0000000000000008 t mutexInit
0000000000005fb0 000000000000000c t rmutexInit
0000000000005fc0 0000000000000080 T __libnx_gtod
0000000000006040 0000000000000034 t __libnx_get_reent
0000000000006080 00000000000000ec T newlibSetup
0000000000006170 0000000000000368 T argvSetup
00000000000064e0 0000000000000140 t _CacheValues
0000000000006620 000000000000001c T kernelAbove200
0000000000006640 000000000000001c T kernelAbove300
0000000000006660 0000000000000030 T detectDebugger
0000000000006690 0000000000000014 T shmemLoadRemote
00000000000066b0 0000000000000084 T shmemMap
0000000000006740 0000000000000058 T shmemUnmap
00000000000067a0 0000000000000044 T shmemClose
00000000000067f0 000000000000004c T rwlockReadLock
0000000000006840 000000000000004c T rwlockReadUnlock
0000000000006890 0000000000000008 T rwlockWriteLock
00000000000068a0 0000000000000008 T rwlockWriteUnlock
00000000000068b0 0000000000000094 T mutexLock
0000000000006950 0000000000000024 T mutexUnlock
0000000000006980 000000000000004c T rmutexLock
00000000000069d0 000000000000001c T rmutexUnlock
00000000000069f0 000000000000007c t _GetRegionFromInfo.isra.1
0000000000006a70 00000000000000e4 T virtmemSetup
0000000000006b60 000000000000013c T virtmemReserve
0000000000006ca0 0000000000000004 T virtmemFree
0000000000006cb0 0000000000000010 t fsdev_link
0000000000006cc0 0000000000000010 t fsdev_dirreset
0000000000006cd0 0000000000000010 t fsdev_chmod
0000000000006ce0 000000000000001c t error_cmp
0000000000006d00 0000000000000058 t fsdev_translate_error
0000000000006d60 0000000000000040 t fsdev_fsync
0000000000006da0 0000000000000060 t fsdev_ftruncate
0000000000006e00 0000000000000020 t fsdev_dirclose
0000000000006e20 000000000000016c t fsdev_dirnext
0000000000006f90 000000000000001c t fsdev_close
0000000000006fb0 0000000000000080 t fsdev_fstat
0000000000007030 00000000000000b0 t fsdev_seek
00000000000070e0 0000000000000198 t fsdev_read
0000000000007280 00000000000001a0 t fsdev_write
0000000000007420 0000000000000118 t fsdevFindDevice
0000000000007540 0000000000000168 t _fsdevMountDevice
00000000000076b0 00000000000001fc t fsdev_getfspath
00000000000078b0 0000000000000070 t fsdev_rmdir
0000000000007920 00000000000000d4 t fsdev_statvfs
0000000000007a00 00000000000000ec t fsdev_diropen
0000000000007af0 0000000000000070 t fsdev_mkdir
0000000000007b60 0000000000000114 t fsdev_rename
0000000000007c80 00000000000000c4 t fsdev_chdir
0000000000007d50 0000000000000070 t fsdev_unlink
0000000000007dc0 0000000000000168 t fsdev_stat
0000000000007f30 0000000000000180 t fsdev_open
00000000000080b0 00000000000000b8 t _fsdevUnmountDeviceStruct.part.4
0000000000008170 0000000000000010 t fsdev_fchmod
0000000000008180 0000000000000158 T fsdevMountSdmc
00000000000082e0 0000000000000064 T fsdevUnmountAll
0000000000008350 0000000000000034 t ipcCloseObjectById
0000000000008390 000000000000012c t _timeGetSession
00000000000084c0 00000000000001ec T timeExit
00000000000086b0 00000000000000d8 T timeInitialize
0000000000008790 0000000000000124 T timeGetCurrentTime
00000000000088c0 0000000000000034 t ipcCloseObjectById
0000000000008900 0000000000000130 t _viCreatestray_layer.isra.4
0000000000008a30 0000000000000134 t _viGetSession.constprop.6
0000000000008b70 0000000000000140 t _viOpenLayer
0000000000008cb0 00000000000001d8 T viExit
0000000000008e90 000000000000026c T viInitialize
0000000000009100 000000000000000c T viGetSession_IHOSBinderDriverRelay
0000000000009110 0000000000000140 T viOpenDisplay
0000000000009250 00000000000000f0 T viCloseDisplay
0000000000009340 00000000000000d0 T viOpenLayer
0000000000009410 0000000000000100 T viCloseLayer
0000000000009510 00000000000000e8 T viSetLayerScalingMode
0000000000009600 000000000000012c T viGetDisplayVsyncEvent
0000000000009730 0000000000000034 t ipcCloseObjectById
0000000000009770 00000000000000c8 t ipcQueryPointerBufferSize.constprop.6
0000000000009840 00000000000000d8 t _nvSetClientPID
0000000000009920 00000000000000f0 t _nvInitialize.constprop.5
0000000000009a10 00000000000000a8 T nvExit
0000000000009ac0 00000000000001a4 T nvInitialize
0000000000009c70 000000000000012c T nvConvertError
0000000000009da0 000000000000012c T nvOpen
0000000000009ed0 0000000000000218 T nvIoctl
000000000000a0f0 00000000000000dc T nvClose
000000000000a1d0 000000000000013c T nvQueryEvent
000000000000a310 0000000000000034 t ipcCloseObjectById
000000000000a350 0000000000000124 T fsInitialize
000000000000a480 000000000000009c T fsExit
000000000000a520 0000000000000134 T fsMountSdcard
000000000000a660 00000000000000f4 T fsFsCreateFile
000000000000a760 00000000000000f0 T fsFsDeleteFile
000000000000a850 00000000000000f0 T fsFsCreateDirectory
000000000000a940 00000000000000f0 T fsFsDeleteDirectory
000000000000aa30 000000000000011c T fsFsRenameFile
000000000000ab50 000000000000011c T fsFsRenameDirectory
000000000000ac70 0000000000000104 T fsFsGetEntryType
000000000000ad80 0000000000000154 T fsFsOpenFile
000000000000aee0 000000000000014c T fsFsOpenDirectory
000000000000b030 0000000000000104 T fsFsGetFreeSpace
000000000000b140 0000000000000104 T fsFsGetTotalSpace
000000000000b250 000000000000006c T fsFsClose
000000000000b2c0 0000000000000108 T fsFileRead
000000000000b3d0 00000000000000f8 T fsFileWrite
000000000000b4d0 00000000000000c8 T fsFileFlush
000000000000b5a0 00000000000000c8 T fsFileSetSize
000000000000b670 00000000000000ec T fsFileGetSize
000000000000b760 000000000000006c T fsFileClose
000000000000b7d0 000000000000006c T fsDirClose
000000000000b840 0000000000000110 T fsDirRead
000000000000b950 0000000000000010 T bufferProducerInitialize
000000000000b960 000000000000000c T bufferProducerExit
000000000000b970 000000000000011c T bufferProducerRequestBuffer
000000000000ba90 0000000000000198 T bufferProducerDequeueBuffer
000000000000bc30 0000000000000094 T bufferProducerDetachBuffer
000000000000bcd0 0000000000000108 T bufferProducerQueueBuffer
000000000000bde0 00000000000000dc T bufferProducerQuery
000000000000bec0 0000000000000110 T bufferProducerConnect
000000000000bfd0 0000000000000094 T bufferProducerDisconnect
000000000000c070 0000000000000100 T bufferProducerGraphicBufferInit
000000000000c170 0000000000000248 t _binderTransactParcelAuto
000000000000c3c0 00000000000000c8 t ipcQueryPointerBufferSize
000000000000c490 0000000000000138 t _binderTransactParcel
000000000000c5d0 0000000000000018 T binderCreateSession
000000000000c5f0 0000000000000010 T binderTransactParcel
000000000000c600 00000000000000e4 T binderAdjustRefcount
000000000000c6f0 0000000000000068 T binderExitSession
000000000000c760 000000000000013c T binderGetNativeHandle
000000000000c8a0 0000000000000120 T binderInitSession
000000000000c9c0 0000000000000028 T parcelInitialize
000000000000c9f0 0000000000000190 T parcelTransact
000000000000cb80 0000000000000088 T parcelWriteData
000000000000cc10 0000000000000098 T parcelReadData
000000000000ccb0 0000000000000020 T parcelWriteInt32
000000000000ccd0 0000000000000020 T parcelWriteUInt32
000000000000ccf0 0000000000000080 T parcelWriteString16
000000000000cd70 0000000000000030 T parcelWriteInterfaceToken
000000000000cda0 0000000000000024 T parcelReadInt32
000000000000cdd0 0000000000000068 T parcelReadFlattenedObject
000000000000ce40 0000000000000044 T parcelWriteFlattenedObject
000000000000ce90 000000000000012c T decode_utf8
000000000000cfbc T __aarch64_read_tp
000000000000cfd0 00000000000000c4 T nxlinkSetup
000000000000d0a0 000000000000007c T tmemCreate
000000000000d120 0000000000000058 T tmemUnmap
000000000000d180 0000000000000068 T tmemClose
000000000000d1e8 00000000000000b8 T bsearch
000000000000d2a0 0000000000000044 T __libc_fini_array
000000000000d2e8 000000000000008c T __libc_init_array
000000000000d378 0000000000000008 T __locale_ctype_ptr_l
000000000000d380 000000000000002c T __locale_ctype_ptr
000000000000d3b0 0000000000000030 T memalign
000000000000d3e0 0000000000000198 T _memalign_r
000000000000d578 000000000000001c T free
000000000000d598 0000000000000844 T _malloc_r
000000000000dde0 00000000000002c8 T __utf8_mbtowc
000000000000e0c0 000000000000016c T memcpy
000000000000e240 00000000000001d8 T memset
000000000000e418 000000000000000c T __malloc_lock
000000000000e428 000000000000000c T __malloc_unlock
000000000000e434 00000000000000dc T strchr
000000000000e540 00000000000000a4 T strcmp
000000000000e600 0000000000000140 T strlen
000000000000e740 0000000000000084 T strncat
000000000000e81c 0000000000000108 T strncmp
000000000000e928 00000000000000a8 T strncpy
000000000000ea24 00000000000000e0 T strnlen
000000000000eae0 00000000000001e0 t _strtoul_l.isra.0
000000000000ecc0 000000000000005c T strtoul
000000000000ed20 00000000000000e4 T __utf8_wctomb
000000000000ee08 0000000000000118 T _malloc_trim_r
000000000000ef20 00000000000002f4 T _free_r
000000000000f218 0000000000000008 t null_write
000000000000f220 0000000000000018 T setDefaultDevice
000000000000f238 00000000000000f8 T FindDevice
000000000000f330 0000000000000034 T RemoveDevice
000000000000f368 00000000000000d8 T AddDevice
000000000000f440 0000000000000078 T _sbrk_r
000000000000f4b8 0000000000000224 T _concatenate_path
000000000000f6e0 0000000000000178 T chdir
000000000000f858 0000000000000018 T __libc_lock_acquire_recursive
000000000000f870 0000000000000018 T __libc_lock_release_recursive
000000000000f888 0000000000000024 T __getreent
000000000000f8ac 0000000000000100 T strrchr
000000000000f9b0 T _fini
0000000000010000 0000000000000014 r CSWTCH.39
00000000000100d8 0000000000000018 r error_table
00000000000101b8 0000000000000101 R _ctype_
00000000000102c8 0000000000000003 R DIRECTORY_PARENT
00000000000102d0 r __EH_FRAME_BEGIN__
000000000001048c r __FRAME_END__
0000000000010490 a _DYNAMIC
0000000000013000 t __frame_dummy_init_array_entry
0000000000013000 T __init_array_start
0000000000013000 B __preinit_array_end
0000000000013000 B __preinit_array_start
0000000000013000 D __tdata_lma
0000000000013000 D __tdata_lma_end
0000000000013008 t __do_global_dtors_aux_fini_array_entry
0000000000013008 T __fini_array_start
0000000000013008 T __init_array_end
0000000000013010 T __fini_array_end
0000000000013010 T __got_start__
0000000000013010 a _GLOBAL_OFFSET_TABLE_
00000000000131f0 D __got_end__
00000000000131f0 0000000000000001 V __nx_applet_auto_notifyrunning
00000000000131f4 0000000000000004 V __nx_applet_type
00000000000131f8 0000000000000004 d g_gfxMode
0000000000013200 0000000000000054 d g_gfxQueueBufferData
0000000000013258 000000000000016c d g_gfx_BufferInitData
00000000000133c4 0000000000000001 D g_gfx_drawflip
00000000000133c8 0000000000000004 V __nx_time_type
00000000000133d0 0000000000000401 d __cwd
00000000000137d4 0000000000000004 d fsdev_fsdevice_cwd
00000000000137d8 0000000000000004 d fsdev_fsdevice_default
00000000000137e0 00000000000000d0 d fsdev_devoptab
00000000000138b0 0000000000000004 d g_viServiceType
00000000000138b4 0000000000000004 d g_nvServiceType
00000000000138b8 0000000000000023 d g_bufferProducer_InterfaceDescriptor
00000000000138e0 0000000000000008 D _impure_ptr
00000000000138e8 0000000000000768 d impure_data
0000000000014050 00000000000001a8 D __global_locale
00000000000141f8 0000000000000008 D __malloc_sbrk_base
0000000000014200 0000000000000008 D __malloc_trim_threshold
0000000000014208 0000000000000810 D __malloc_av_
0000000000014a18 0000000000000004 d defaultDevice
0000000000014a20 0000000000000080 D devoptab_list
0000000000014aa0 00000000000000e0 D dotab_stdnull
0000000000014b80 0000000000000400 d _current_working_directory
0000000000014f80 D __bss_start__
0000000000014f80 D __TMC_END__
0000000000014f80 b completed.7822
0000000000014f88 b object.7827
0000000000014fb8 0000000000000008 V __nx_applet_PerformanceConfiguration
0000000000014fc0 0000000000000018 b g_appletFirstHook
0000000000014fd8 0000000000000001 b g_appletFocusState
0000000000014fe0 000000000000000c b g_appletIAudioController
0000000000014ff0 000000000000000c b g_appletICommonStateGetter
0000000000015000 000000000000000c b g_appletIDebugFunctions
0000000000015010 000000000000000c b g_appletIDisplayController
0000000000015020 000000000000000c b g_appletIFunctions
0000000000015030 000000000000000c b g_appletILibraryAppletCreator
0000000000015040 000000000000000c b g_appletILibraryAppletSelfAccessor
0000000000015050 000000000000000c b g_appletIProcessWindingController
0000000000015060 000000000000000c b g_appletISelfController
0000000000015070 000000000000000c b g_appletIWindowController
000000000001507c 0000000000000004 b g_appletMessageEventHandle
0000000000015080 0000000000000001 b g_appletNotifiedRunning
0000000000015081 0000000000000001 b g_appletOperationMode
0000000000015084 0000000000000004 b g_appletPerformanceMode
0000000000015088 000000000000000c b g_appletProxySession
0000000000015098 0000000000000008 b g_appletResourceUserId
00000000000150a0 000000000000000c b g_appletSrv
00000000000150b0 0000000000000008 b g_refCnt
00000000000150b8 0000000000000050 b g_controllerDown
0000000000015108 00000000000001e0 b g_controllerEntries
00000000000152e8 0000000000000190 b g_controllerHeaders
0000000000015478 0000000000000050 b g_controllerHeld
00000000000154c8 0000000000000028 b g_controllerLayout
00000000000154f0 0000000000000050 b g_controllerOld
0000000000015540 0000000000000004 b g_controllerP1AutoID
0000000000015548 0000000000000050 b g_controllerTimestamps
0000000000015598 0000000000000050 b g_controllerUp
00000000000155e8 000000000000000c b g_hidIAppletResource
00000000000155f8 0000000000000020 b g_hidLock
0000000000015618 0000000000000020 b g_hidSharedmem
0000000000015638 000000000000000c b g_hidSrv
0000000000015648 0000000000000020 b g_keyboardDown
0000000000015668 0000000000000038 b g_keyboardEntry
00000000000156a0 0000000000000020 b g_keyboardHeld
00000000000156c0 0000000000000008 b g_keyboardModDown
00000000000156c8 0000000000000008 b g_keyboardModHeld
00000000000156d0 0000000000000008 b g_keyboardModOld
00000000000156d8 0000000000000008 b g_keyboardModUp
00000000000156e0 0000000000000020 b g_keyboardOld
0000000000015700 0000000000000008 b g_keyboardTimestamp
0000000000015708 0000000000000020 b g_keyboardUp
0000000000015728 0000000000000008 b g_mouseDown
0000000000015730 0000000000000030 b g_mouseEntry
0000000000015760 0000000000000008 b g_mouseHeld
0000000000015768 0000000000000008 b g_mouseOld
0000000000015770 0000000000000008 b g_mouseTimestamp
0000000000015778 0000000000000008 b g_mouseUp
0000000000015780 0000000000000008 b g_refCnt
0000000000015788 0000000000000298 b g_touchEntry
0000000000015a20 0000000000000008 b g_touchTimestamp
0000000000015a28 0000000000000008 b g_refCnt
0000000000015a30 0000000000000004 b g_smHandle
0000000000015a38 0000000000000200 b g_smOverrides
0000000000015c38 0000000000000008 b g_smOverridesNum
0000000000015c40 000000000000000c b g_apmISession
0000000000015c50 000000000000000c b g_apmSrv
0000000000015c60 0000000000000008 b g_refCnt
0000000000015c68 0000000000000020 b g_gfxBinderSession
0000000000015c88 0000000000000004 b g_gfxCurrentBuffer
0000000000015c8c 0000000000000004 b g_gfxCurrentProducerBuffer
0000000000015c90 0000000000000050 b g_gfxDisplay
0000000000015ce0 0000000000000004 b g_gfxDisplayVsyncEvent
0000000000015ce8 0000000000000008 b g_gfxFramebuf
0000000000015cf0 0000000000000008 b g_gfxFramebufLinear
0000000000015cf8 0000000000000008 b g_gfxFramebufSize
0000000000015d00 0000000000000001 b g_gfxInitialized
0000000000015d08 0000000000000010 b g_gfxLayer
0000000000015d18 0000000000000100 b g_gfxNativeWindow
0000000000015e18 0000000000000004 b g_gfxNativeWindow_ID
0000000000015e20 0000000000000008 b g_gfxNativeWindow_Size
0000000000015e28 0000000000000010 b g_gfx_Connect_QueueBufferOutput
0000000000015e38 0000000000000024 b g_gfx_DequeueBuffer_fence
0000000000015e5c 0000000000000001 b g_gfx_ProducerConnected
0000000000015e60 0000000000000002 b g_gfx_ProducerSlotsRequested
0000000000015e68 0000000000000010 b g_gfx_QueueBuffer_QueueBufferOutput
0000000000015e78 0000000000000018 b g_gfx_autoresolution_applethookcookie
0000000000015e90 0000000000000004 b g_gfx_autoresolution_docked_height
0000000000015e94 0000000000000004 b g_gfx_autoresolution_docked_width
0000000000015e98 0000000000000001 b g_gfx_autoresolution_enabled
0000000000015e9c 0000000000000004 b g_gfx_autoresolution_handheld_height
0000000000015ea0 0000000000000004 b g_gfx_autoresolution_handheld_width
0000000000015ea8 0000000000000008 B g_gfx_framebuf_aligned_height
0000000000015eb0 0000000000000008 B g_gfx_framebuf_aligned_width
0000000000015eb8 0000000000000008 B g_gfx_framebuf_display_height
0000000000015ec0 0000000000000008 B g_gfx_framebuf_display_width
0000000000015ec8 0000000000000008 B g_gfx_framebuf_height
0000000000015ed0 0000000000000008 B g_gfx_framebuf_width
0000000000015ed8 0000000000000008 B g_gfx_singleframebuf_linear_size
0000000000015ee0 0000000000000008 B g_gfx_singleframebuf_size
0000000000015ee8 0000000000000001 b g_nvgfxInitialized
0000000000015eec 0000000000000004 b g_nvgfx_fd_nvhostasgpu
0000000000015ef0 0000000000000004 b g_nvgfx_fd_nvhostctrl
0000000000015ef4 0000000000000004 b g_nvgfx_fd_nvhostctrlgpu
0000000000015ef8 0000000000000004 b g_nvgfx_fd_nvhostgpu
0000000000015efc 0000000000000004 b g_nvgfx_fd_nvmap
0000000000015f00 0000000000000008 b g_nvgfx_gpfifo_pos
0000000000015f08 00000000000000a0 b g_nvgfx_gpu_characteristics
0000000000015fa8 0000000000000008 b g_nvgfx_l2state
0000000000015fb0 0000000000000008 b g_nvgfx_nvhost_fence
0000000000015fb8 0000000000000008 b g_nvgfx_nvhost_userdata
0000000000015fc0 0000000000000008 b g_nvgfx_nvhost_userdata_size
0000000000015fc8 0000000000000008 b g_nvgfx_nvhostasgpu_allocspace_offset
0000000000015fd0 0000000000000030 b g_nvgfx_nvhostasgpu_varegions
0000000000016000 0000000000000004 b g_nvgfx_nvhostctrl_eventhandle
0000000000016004 0000000000000004 b g_nvgfx_nvhostctrl_eventres
0000000000016008 0000000000000004 b g_nvgfx_nvhostctrlgpu_event2
000000000001600c 0000000000000004 b g_nvgfx_nvhostgpu_event3
0000000000016010 0000000000000004 B g_nvgfx_totalframebufs
0000000000016018 0000000000000018 b g_nvgfx_tpcmasks
0000000000016030 0000000000000004 b g_nvgfx_zcullctxsize
0000000000016038 0000000000000028 b g_nvgfx_zcullinfo
0000000000016060 0000000000000008 b nvmap_obj3_mapbuffer_x0_offset
0000000000016068 0000000000000008 b nvmap_obj4_mapbuffer_x0_offset
0000000000016070 0000000000000008 b nvmap_obj6_mapbuffer_xdb_offset
0000000000016078 00000000000001b0 b nvmap_objs
0000000000016228 0000000000000008 V __nx_heap_size
0000000000016230 0000000000000001 b g_isNso
0000000000016234 0000000000000004 b g_lastLoadResult
0000000000016238 0000000000000008 b g_loaderRetAddr
0000000000016240 0000000000000004 b g_mainThreadHandle
0000000000016248 0000000000000008 b g_nextLoadArgv
0000000000016250 0000000000000008 b g_nextLoadPath
0000000000016258 0000000000000008 b g_overrideArgv
0000000000016260 0000000000000008 b g_overrideHeapAddr
0000000000016268 0000000000000008 b g_overrideHeapSize
0000000000016270 0000000000000004 b g_processHandle
0000000000016278 0000000000000010 b g_syscallHints
0000000000016288 0000000000000008 b g_argv_empty
0000000000016290 0000000000000001 b g_HasCached
0000000000016291 0000000000000001 b g_IsAbove200
0000000000016292 0000000000000001 b g_IsAbove300
0000000000016293 0000000000000001 b g_IsAbove400
0000000000016294 0000000000000001 b g_IsAbove500
0000000000016298 0000000000000004 b g_Mutex
00000000000162a0 0000000000000010 b g_AddressSpace
00000000000162b0 0000000000000008 b g_CurrentAddr
00000000000162b8 0000000000000030 b g_Region
00000000000162e8 0000000000000004 b g_VirtMemMutex
00000000000162f0 0000000000002100 b fsdev_fsdevices
00000000000183f0 0000000000000001 b fsdev_initialised
00000000000183f8 0000000000000008 b g_refCnt
0000000000018400 000000000000000c b g_timeLocalSystemClock
0000000000018410 000000000000000c b g_timeNetworkSystemClock
0000000000018420 000000000000000c b g_timeSrv
0000000000018430 000000000000000c b g_timeTimeZoneService
0000000000018440 000000000000000c b g_timeUserSystemClock
0000000000018450 000000000000000c b g_viIApplicationDisplayService
0000000000018460 000000000000000c b g_viIHOSBinderDriverIndirect
0000000000018470 000000000000000c b g_viIHOSBinderDriverRelay
0000000000018480 000000000000000c b g_viIManagerDisplayService
0000000000018490 000000000000000c b g_viISystemDisplayService
00000000000184a0 000000000000000c b g_viSrv
00000000000184b0 0000000000000008 b g_nvIpcBufferSize
00000000000184b8 000000000000000c b g_nvSrv
00000000000184c8 0000000000000028 b g_nvTransfermem
00000000000184f0 000000000000000c b g_fsSrv
0000000000018500 0000000000000008 b g_refCnt
0000000000018508 0000000000000008 b g_bufferProducerBinderSession
0000000000018510 0000000000000028 B __malloc_current_mallinfo
0000000000018538 0000000000000008 B __malloc_max_sbrked_mem
0000000000018540 0000000000000008 B __malloc_max_total_mem
0000000000018548 0000000000000008 B __malloc_top_pad
0000000000018550 000000000000000c b __malloc_recursive_mutex
0000000000018560 0000000000000008 b heap_start.5228
0000000000018568 0000000000000008 B fake_heap_end
0000000000018570 0000000000000008 B fake_heap_start
0000000000018578 0000000000000400 b temp_cwd
0000000000018978 0000000000000090 B __syscalls
0000000000018a08 0000000000000008 B g_nvgfx_nvhostgpu_gpfifo_fence
0000000000018a10 0000000000000008 B __stack_top
0000000000018a18 0000000000000008 B __system_argv
0000000000018a20 0000000000000004 B __system_argc
0000000000018a28 0000000000000004 B __nxlink_host
0000000000018a30 B __tls_start
000000000001ce38 B __bss_end__
000000000001ce38 A __end__
000000000001ce38 B __tls_end
000000000001d000 A __argdata__
